<?xml version="1.0" encoding="UTF-8"?>
<testsuite xmlns:xsi="http://www.w3.org/2001/XMLSchema-instance" xsi:noNamespaceSchemaLocation="https://maven.apache.org/surefire/maven-surefire-plugin/xsd/surefire-test-report-3.0.xsd" version="3.0" name="CalculatorTest" time="0.054" tests="5" errors="0" skipped="0" failures="0">
  <properties>
[...]
</properties>
  <testcase name="testMultiplication" classname="CalculatorTest" time="0.003"/>
  <testcase name="testAddition" classname="CalculatorTest" time="0"/>
  <testcase name="testDivisionByZero" classname="CalculatorTest" time="0"/>
  <testcase name="testDivision" classname="CalculatorTest" time="0"/>
  <testcase name="testSubtraction" classname="CalculatorTest" time="0"/>
</testsuite>